{"message":"::1 - - [04/Aug/2019:07:56:40 +0000] \"GET /test HTTP/1.1\" 304 - \"-\" \"Mozilla/5.0 (Windows NT 10.0; Win64; x64) AppleWebKit/537.36 (KHTML, like Gecko) Chrome/71.0.3578.98 Safari/537.36\"\n","level":"info"}
{"message":"::1 - - [04/Aug/2019:08:06:51 +0000] \"GET / HTTP/1.1\" 200 11 \"-\" \"Mozilla/5.0 (Windows NT 10.0; Win64; x64) AppleWebKit/537.36 (KHTML, like Gecko) Chrome/71.0.3578.98 Safari/537.36\"\n","level":"info"}
{"message":"::1 - - [04/Aug/2019:08:18:56 +0000] \"GET /test HTTP/1.1\" 500 1257 \"-\" \"Mozilla/5.0 (Windows NT 10.0; Win64; x64) AppleWebKit/537.36 (KHTML, like Gecko) Chrome/71.0.3578.98 Safari/537.36\"\n","level":"info"}
{"message":"::1 - - [04/Aug/2019:08:19:57 +0000] \"GET /test HTTP/1.1\" 500 1203 \"-\" \"Mozilla/5.0 (Windows NT 10.0; Win64; x64) AppleWebKit/537.36 (KHTML, like Gecko) Chrome/71.0.3578.98 Safari/537.36\"\n","level":"info"}
{"message":"::1 - - [04/Aug/2019:08:21:19 +0000] \"GET /test HTTP/1.1\" 500 1203 \"-\" \"Mozilla/5.0 (Windows NT 10.0; Win64; x64) AppleWebKit/537.36 (KHTML, like Gecko) Chrome/71.0.3578.98 Safari/537.36\"\n","level":"info"}
{"message":"::1 - - [04/Aug/2019:08:21:22 +0000] \"GET /test HTTP/1.1\" 500 1203 \"-\" \"Mozilla/5.0 (Windows NT 10.0; Win64; x64) AppleWebKit/537.36 (KHTML, like Gecko) Chrome/71.0.3578.98 Safari/537.36\"\n","level":"info"}
{"message":"::1 - - [04/Aug/2019:08:21:42 +0000] \"GET /test HTTP/1.1\" 500 1203 \"-\" \"Mozilla/5.0 (Windows NT 10.0; Win64; x64) AppleWebKit/537.36 (KHTML, like Gecko) Chrome/71.0.3578.98 Safari/537.36\"\n","level":"info"}
{"message":"::1 - - [04/Aug/2019:08:21:45 +0000] \"GET /test HTTP/1.1\" 500 1203 \"-\" \"Mozilla/5.0 (Windows NT 10.0; Win64; x64) AppleWebKit/537.36 (KHTML, like Gecko) Chrome/71.0.3578.98 Safari/537.36\"\n","level":"info"}
{"message":"::1 - - [04/Aug/2019:08:21:53 +0000] \"GET /test HTTP/1.1\" 404 1187 \"-\" \"Mozilla/5.0 (Windows NT 10.0; Win64; x64) AppleWebKit/537.36 (KHTML, like Gecko) Chrome/71.0.3578.98 Safari/537.36\"\n","level":"info"}
{"message":"::1 - - [04/Aug/2019:08:22:24 +0000] \"GET /test HTTP/1.1\" 404 1198 \"-\" \"Mozilla/5.0 (Windows NT 10.0; Win64; x64) AppleWebKit/537.36 (KHTML, like Gecko) Chrome/71.0.3578.98 Safari/537.36\"\n","level":"info"}
{"message":"::1 - - [04/Aug/2019:08:23:18 +0000] \"GET / HTTP/1.1\" 304 - \"-\" \"Mozilla/5.0 (Windows NT 10.0; Win64; x64) AppleWebKit/537.36 (KHTML, like Gecko) Chrome/71.0.3578.98 Safari/537.36\"\n","level":"info"}
{"message":"::1 - - [04/Aug/2019:08:36:24 +0000] \"GET / HTTP/1.1\" 200 285 \"-\" \"Mozilla/5.0 (Windows NT 10.0; Win64; x64) AppleWebKit/537.36 (KHTML, like Gecko) Chrome/71.0.3578.98 Safari/537.36\"\n","level":"info"}
{"message":"::1 - - [04/Aug/2019:08:36:34 +0000] \"GET / HTTP/1.1\" 200 294 \"-\" \"Mozilla/5.0 (Windows NT 10.0; Win64; x64) AppleWebKit/537.36 (KHTML, like Gecko) Chrome/71.0.3578.98 Safari/537.36\"\n","level":"info"}
{"message":"::1 - - [04/Aug/2019:15:14:57 +0000] \"GET /aaa HTTP/1.1\" 200 289 \"-\" \"Mozilla/5.0 (Windows NT 10.0; Win64; x64) AppleWebKit/537.36 (KHTML, like Gecko) Chrome/71.0.3578.98 Safari/537.36\"\n","level":"info"}
{"message":"::1 - - [04/Aug/2019:15:15:14 +0000] \"GET /aaa HTTP/1.1\" 200 309 \"-\" \"Mozilla/5.0 (Windows NT 10.0; Win64; x64) AppleWebKit/537.36 (KHTML, like Gecko) Chrome/71.0.3578.98 Safari/537.36\"\n","level":"info"}
{"message":"::1 - - [04/Aug/2019:15:21:38 +0000] \"GET /aaa HTTP/1.1\" 200 353 \"-\" \"Mozilla/5.0 (Windows NT 10.0; Win64; x64) AppleWebKit/537.36 (KHTML, like Gecko) Chrome/71.0.3578.98 Safari/537.36\"\n","level":"info"}
{"message":"::1 - - [04/Aug/2019:15:26:11 +0000] \"GET /aaa HTTP/1.1\" 304 - \"-\" \"Mozilla/5.0 (Windows NT 10.0; Win64; x64) AppleWebKit/537.36 (KHTML, like Gecko) Chrome/71.0.3578.98 Safari/537.36\"\n","level":"info"}
{"message":"::1 - - [04/Aug/2019:15:26:11 +0000] \"GET /css/img/404.jpg HTTP/1.1\" 200 353 \"http://localhost:3000/css/404.css\" \"Mozilla/5.0 (Windows NT 10.0; Win64; x64) AppleWebKit/537.36 (KHTML, like Gecko) Chrome/71.0.3578.98 Safari/537.36\"\n","level":"info"}
{"message":"::1 - - [04/Aug/2019:15:26:20 +0000] \"GET /aaa HTTP/1.1\" 304 - \"-\" \"Mozilla/5.0 (Windows NT 10.0; Win64; x64) AppleWebKit/537.36 (KHTML, like Gecko) Chrome/71.0.3578.98 Safari/537.36\"\n","level":"info"}
{"message":"::1 - - [04/Aug/2019:15:26:20 +0000] \"GET /css/img/404.jpg HTTP/1.1\" 304 - \"http://localhost:3000/css/404.css\" \"Mozilla/5.0 (Windows NT 10.0; Win64; x64) AppleWebKit/537.36 (KHTML, like Gecko) Chrome/71.0.3578.98 Safari/537.36\"\n","level":"info"}
{"message":"::1 - - [04/Aug/2019:15:26:24 +0000] \"GET /aaa HTTP/1.1\" 304 - \"-\" \"Mozilla/5.0 (Windows NT 10.0; Win64; x64) AppleWebKit/537.36 (KHTML, like Gecko) Chrome/71.0.3578.98 Safari/537.36\"\n","level":"info"}
{"message":"::1 - - [04/Aug/2019:15:26:47 +0000] \"GET /aaa HTTP/1.1\" 304 - \"-\" \"Mozilla/5.0 (Windows NT 10.0; Win64; x64) AppleWebKit/537.36 (KHTML, like Gecko) Chrome/71.0.3578.98 Safari/537.36\"\n","level":"info"}
{"message":"::1 - - [04/Aug/2019:15:26:52 +0000] \"GET /aaa HTTP/1.1\" 304 - \"-\" \"Mozilla/5.0 (Windows NT 10.0; Win64; x64) AppleWebKit/537.36 (KHTML, like Gecko) Chrome/71.0.3578.98 Safari/537.36\"\n","level":"info"}
{"message":"::1 - - [04/Aug/2019:15:26:52 +0000] \"GET /aaa HTTP/1.1\" 304 - \"-\" \"Mozilla/5.0 (Windows NT 10.0; Win64; x64) AppleWebKit/537.36 (KHTML, like Gecko) Chrome/71.0.3578.98 Safari/537.36\"\n","level":"info"}
{"message":"::1 - - [04/Aug/2019:15:26:52 +0000] \"GET /aaa HTTP/1.1\" 304 - \"-\" \"Mozilla/5.0 (Windows NT 10.0; Win64; x64) AppleWebKit/537.36 (KHTML, like Gecko) Chrome/71.0.3578.98 Safari/537.36\"\n","level":"info"}
{"message":"::1 - - [04/Aug/2019:15:26:52 +0000] \"GET /aaa HTTP/1.1\" 304 - \"-\" \"Mozilla/5.0 (Windows NT 10.0; Win64; x64) AppleWebKit/537.36 (KHTML, like Gecko) Chrome/71.0.3578.98 Safari/537.36\"\n","level":"info"}
{"message":"::1 - - [04/Aug/2019:15:27:00 +0000] \"GET /aaa HTTP/1.1\" 304 - \"-\" \"Mozilla/5.0 (Windows NT 10.0; Win64; x64) AppleWebKit/537.36 (KHTML, like Gecko) Chrome/71.0.3578.98 Safari/537.36\"\n","level":"info"}
{"message":"::1 - - [04/Aug/2019:15:27:24 +0000] \"GET /aaa HTTP/1.1\" 304 - \"-\" \"Mozilla/5.0 (Windows NT 10.0; Win64; x64) AppleWebKit/537.36 (KHTML, like Gecko) Chrome/71.0.3578.98 Safari/537.36\"\n","level":"info"}
{"message":"::1 - - [04/Aug/2019:15:27:49 +0000] \"GET /aaa HTTP/1.1\" 304 - \"-\" \"Mozilla/5.0 (Windows NT 10.0; Win64; x64) AppleWebKit/537.36 (KHTML, like Gecko) Chrome/71.0.3578.98 Safari/537.36\"\n","level":"info"}
{"message":"::1 - - [04/Aug/2019:15:28:07 +0000] \"GET /aaa HTTP/1.1\" 304 - \"-\" \"Mozilla/5.0 (Windows NT 10.0; Win64; x64) AppleWebKit/537.36 (KHTML, like Gecko) Chrome/71.0.3578.98 Safari/537.36\"\n","level":"info"}
{"message":"::1 - - [04/Aug/2019:15:29:03 +0000] \"GET /aaa HTTP/1.1\" 304 - \"-\" \"Mozilla/5.0 (Windows NT 10.0; Win64; x64) AppleWebKit/537.36 (KHTML, like Gecko) Chrome/71.0.3578.98 Safari/537.36\"\n","level":"info"}
{"message":"::1 - - [04/Aug/2019:15:29:36 +0000] \"GET /aaa HTTP/1.1\" 304 - \"-\" \"Mozilla/5.0 (Windows NT 10.0; Win64; x64) AppleWebKit/537.36 (KHTML, like Gecko) Chrome/71.0.3578.98 Safari/537.36\"\n","level":"info"}
{"message":"::1 - - [04/Aug/2019:15:29:51 +0000] \"GET /aaa HTTP/1.1\" 304 - \"-\" \"Mozilla/5.0 (Windows NT 10.0; Win64; x64) AppleWebKit/537.36 (KHTML, like Gecko) Chrome/71.0.3578.98 Safari/537.36\"\n","level":"info"}
{"message":"::1 - - [04/Aug/2019:15:30:04 +0000] \"GET /aaa HTTP/1.1\" 304 - \"-\" \"Mozilla/5.0 (Windows NT 10.0; Win64; x64) AppleWebKit/537.36 (KHTML, like Gecko) Chrome/71.0.3578.98 Safari/537.36\"\n","level":"info"}
{"message":"::1 - - [04/Aug/2019:15:30:09 +0000] \"GET /aaa HTTP/1.1\" 304 - \"-\" \"Mozilla/5.0 (Windows NT 10.0; Win64; x64) AppleWebKit/537.36 (KHTML, like Gecko) Chrome/71.0.3578.98 Safari/537.36\"\n","level":"info"}
{"message":"::1 - - [04/Aug/2019:15:30:14 +0000] \"GET /aaa HTTP/1.1\" 304 - \"-\" \"Mozilla/5.0 (Windows NT 10.0; Win64; x64) AppleWebKit/537.36 (KHTML, like Gecko) Chrome/71.0.3578.98 Safari/537.36\"\n","level":"info"}
{"message":"::1 - - [04/Aug/2019:15:30:20 +0000] \"GET /aaa HTTP/1.1\" 304 - \"-\" \"Mozilla/5.0 (Windows NT 10.0; Win64; x64) AppleWebKit/537.36 (KHTML, like Gecko) Chrome/71.0.3578.98 Safari/537.36\"\n","level":"info"}
{"message":"::1 - - [04/Aug/2019:15:30:28 +0000] \"GET /aaa HTTP/1.1\" 304 - \"-\" \"Mozilla/5.0 (Windows NT 10.0; Win64; x64) AppleWebKit/537.36 (KHTML, like Gecko) Chrome/71.0.3578.98 Safari/537.36\"\n","level":"info"}
{"message":"::1 - - [04/Aug/2019:15:37:09 +0000] \"GET / HTTP/1.1\" 304 - \"-\" \"Mozilla/5.0 (Windows NT 10.0; Win64; x64) AppleWebKit/537.36 (KHTML, like Gecko) Chrome/71.0.3578.98 Safari/537.36\"\n","level":"info"}
{"message":"::1 - - [04/Aug/2019:15:42:43 +0000] \"GET / HTTP/1.1\" 200 388 \"-\" \"Mozilla/5.0 (Windows NT 10.0; Win64; x64) AppleWebKit/537.36 (KHTML, like Gecko) Chrome/71.0.3578.98 Safari/537.36\"\n","level":"info"}
{"message":"::1 - - [04/Aug/2019:15:43:40 +0000] \"GET / HTTP/1.1\" 200 393 \"-\" \"Mozilla/5.0 (Windows NT 10.0; Win64; x64) AppleWebKit/537.36 (KHTML, like Gecko) Chrome/71.0.3578.98 Safari/537.36\"\n","level":"info"}
{"message":"::1 - - [04/Aug/2019:15:44:16 +0000] \"GET / HTTP/1.1\" 304 - \"-\" \"Mozilla/5.0 (Windows NT 10.0; Win64; x64) AppleWebKit/537.36 (KHTML, like Gecko) Chrome/71.0.3578.98 Safari/537.36\"\n","level":"info"}
{"message":"::1 - - [04/Aug/2019:15:44:31 +0000] \"GET / HTTP/1.1\" 304 - \"-\" \"Mozilla/5.0 (Windows NT 10.0; Win64; x64) AppleWebKit/537.36 (KHTML, like Gecko) Chrome/71.0.3578.98 Safari/537.36\"\n","level":"info"}
{"message":"::1 - - [04/Aug/2019:15:44:32 +0000] \"GET / HTTP/1.1\" 304 - \"-\" \"Mozilla/5.0 (Windows NT 10.0; Win64; x64) AppleWebKit/537.36 (KHTML, like Gecko) Chrome/71.0.3578.98 Safari/537.36\"\n","level":"info"}
{"message":"::1 - - [04/Aug/2019:15:44:33 +0000] \"GET / HTTP/1.1\" 304 - \"-\" \"Mozilla/5.0 (Windows NT 10.0; Win64; x64) AppleWebKit/537.36 (KHTML, like Gecko) Chrome/71.0.3578.98 Safari/537.36\"\n","level":"info"}
{"message":"::1 - - [04/Aug/2019:15:44:54 +0000] \"GET / HTTP/1.1\" 200 443 \"-\" \"Mozilla/5.0 (Windows NT 10.0; Win64; x64) AppleWebKit/537.36 (KHTML, like Gecko) Chrome/71.0.3578.98 Safari/537.36\"\n","level":"info"}
{"message":"::1 - - [04/Aug/2019:15:45:26 +0000] \"GET / HTTP/1.1\" 304 - \"-\" \"Mozilla/5.0 (Windows NT 10.0; Win64; x64) AppleWebKit/537.36 (KHTML, like Gecko) Chrome/71.0.3578.98 Safari/537.36\"\n","level":"info"}
{"message":"::1 - - [04/Aug/2019:15:45:39 +0000] \"GET / HTTP/1.1\" 304 - \"-\" \"Mozilla/5.0 (Windows NT 10.0; Win64; x64) AppleWebKit/537.36 (KHTML, like Gecko) Chrome/71.0.3578.98 Safari/537.36\"\n","level":"info"}
{"message":"::1 - - [04/Aug/2019:15:45:40 +0000] \"GET / HTTP/1.1\" 304 - \"-\" \"Mozilla/5.0 (Windows NT 10.0; Win64; x64) AppleWebKit/537.36 (KHTML, like Gecko) Chrome/71.0.3578.98 Safari/537.36\"\n","level":"info"}
{"message":"::1 - - [04/Aug/2019:15:45:41 +0000] \"GET / HTTP/1.1\" 304 - \"-\" \"Mozilla/5.0 (Windows NT 10.0; Win64; x64) AppleWebKit/537.36 (KHTML, like Gecko) Chrome/71.0.3578.98 Safari/537.36\"\n","level":"info"}
{"message":"::1 - - [04/Aug/2019:15:45:45 +0000] \"GET / HTTP/1.1\" 304 - \"-\" \"Mozilla/5.0 (Windows NT 10.0; Win64; x64) AppleWebKit/537.36 (KHTML, like Gecko) Chrome/71.0.3578.98 Safari/537.36\"\n","level":"info"}
{"message":"::1 - - [04/Aug/2019:15:45:52 +0000] \"GET / HTTP/1.1\" 304 - \"-\" \"Mozilla/5.0 (Windows NT 10.0; Win64; x64) AppleWebKit/537.36 (KHTML, like Gecko) Chrome/71.0.3578.98 Safari/537.36\"\n","level":"info"}
{"message":"::1 - - [04/Aug/2019:15:48:07 +0000] \"GET / HTTP/1.1\" 200 445 \"-\" \"Mozilla/5.0 (Windows NT 10.0; Win64; x64) AppleWebKit/537.36 (KHTML, like Gecko) Chrome/71.0.3578.98 Safari/537.36\"\n","level":"info"}
{"message":"::1 - - [04/Aug/2019:16:01:44 +0000] \"GET / HTTP/1.1\" 304 - \"-\" \"Mozilla/5.0 (Windows NT 10.0; Win64; x64) AppleWebKit/537.36 (KHTML, like Gecko) Chrome/71.0.3578.98 Safari/537.36\"\n","level":"info"}
{"message":"::1 - - [04/Aug/2019:16:25:35 +0000] \"GET /singin HTTP/1.1\" 200 353 \"-\" \"Mozilla/5.0 (Windows NT 10.0; Win64; x64) AppleWebKit/537.36 (KHTML, like Gecko) Chrome/71.0.3578.98 Safari/537.36\"\n","level":"info"}
{"message":"::1 - - [04/Aug/2019:16:25:47 +0000] \"GET /singin HTTP/1.1\" 200 3 \"-\" \"Mozilla/5.0 (Windows NT 10.0; Win64; x64) AppleWebKit/537.36 (KHTML, like Gecko) Chrome/71.0.3578.98 Safari/537.36\"\n","level":"info"}
{"message":"::1 - - [04/Aug/2019:16:29:32 +0000] \"POST /singin?name=test&email=1332783374@qq.com&password=123456 HTTP/1.1\" 200 3 \"-\" \"PostmanRuntime/7.13.0\"\n","level":"info"}
{"message":"::1 - - [04/Aug/2019:16:29:48 +0000] \"GET /singin?name=test&email=1332783374@qq.com&password=123456 HTTP/1.1\" 200 353 \"-\" \"PostmanRuntime/7.13.0\"\n","level":"info"}
{"message":"::1 - - [04/Aug/2019:16:29:54 +0000] \"POST /singin?name=test&email=1332783374@qq.com&password=123456 HTTP/1.1\" 200 3 \"-\" \"PostmanRuntime/7.13.0\"\n","level":"info"}
{"message":"::1 - - [04/Aug/2019:16:30:39 +0000] \"POST /singin?name=test&email=1332783374@qq.com&password=123456 HTTP/1.1\" 200 3 \"-\" \"PostmanRuntime/7.13.0\"\n","level":"info"}
{"message":"::1 - - [04/Aug/2019:16:31:08 +0000] \"POST /singin?name=test&email=1332783374@qq.com&password=123456 HTTP/1.1\" 200 3 \"-\" \"PostmanRuntime/7.13.0\"\n","level":"info"}
{"message":"::1 - - [04/Aug/2019:16:38:21 +0000] \"POST /singin?name=test&email=1332783374@qq.com&password=123456 HTTP/1.1\" 200 3 \"-\" \"PostmanRuntime/7.13.0\"\n","level":"info"}
{"message":"::1 - - [04/Aug/2019:16:39:49 +0000] \"POST /singin?name=test&email=1332783374@qq.com&password=123456 HTTP/1.1\" 200 3 \"-\" \"PostmanRuntime/7.13.0\"\n","level":"info"}
{"message":"::1 - - [04/Aug/2019:16:40:14 +0000] \"POST /singin?name=test&email=1332783374@qq.com&password=123456 HTTP/1.1\" 200 3 \"-\" \"PostmanRuntime/7.13.0\"\n","level":"info"}
{"message":"::1 - - [04/Aug/2019:16:40:55 +0000] \"POST /singin?name=test&email=1332783374@qq.com&password=123456 HTTP/1.1\" 200 3 \"-\" \"PostmanRuntime/7.13.0\"\n","level":"info"}
{"message":"::1 - - [04/Aug/2019:16:43:40 +0000] \"POST /singin?name=test&email=1332783374@qq.com&password=123456 HTTP/1.1\" 200 3 \"-\" \"PostmanRuntime/7.13.0\"\n","level":"info"}
{"message":"::1 - - [04/Aug/2019:16:45:02 +0000] \"POST /singin?name=test&email=1332783374@qq.com&password=123456 HTTP/1.1\" 200 3 \"-\" \"PostmanRuntime/7.13.0\"\n","level":"info"}
{"message":"::1 - - [04/Aug/2019:16:45:15 +0000] \"POST /singin?name=test&email=1332783374@qq.com&password=123456 HTTP/1.1\" 200 3 \"-\" \"PostmanRuntime/7.13.0\"\n","level":"info"}
{"message":"::1 - - [04/Aug/2019:16:45:44 +0000] \"POST /singin?name=test&email=1332783374@qq.com&password=123456 HTTP/1.1\" 200 3 \"-\" \"PostmanRuntime/7.13.0\"\n","level":"info"}
{"message":"::1 - - [04/Aug/2019:16:47:50 +0000] \"POST /singin?name=test&email=1332783374@qq.com&password=123456 HTTP/1.1\" 200 3 \"-\" \"PostmanRuntime/7.13.0\"\n","level":"info"}
{"message":"::1 - - [04/Aug/2019:16:48:25 +0000] \"POST /singin?name=test&email=1332783374@qq.com&password=123456 HTTP/1.1\" 200 3 \"-\" \"PostmanRuntime/7.13.0\"\n","level":"info"}
{"message":"::1 - - [04/Aug/2019:16:49:08 +0000] \"POST /singin?name=test&email=1332783374@qq.com&password=123456 HTTP/1.1\" 200 3 \"-\" \"PostmanRuntime/7.13.0\"\n","level":"info"}
{"message":"::1 - - [04/Aug/2019:16:49:36 +0000] \"POST /singin?name=test&email=1332783374@qq.com&password=123456 HTTP/1.1\" 200 3 \"-\" \"PostmanRuntime/7.13.0\"\n","level":"info"}
{"message":"::1 - - [04/Aug/2019:16:49:55 +0000] \"POST /singin?name=test&email=1332783374@qq.com&password=123456 HTTP/1.1\" 200 3 \"-\" \"PostmanRuntime/7.13.0\"\n","level":"info"}
{"message":"::1 - - [04/Aug/2019:16:52:16 +0000] \"POST /singin?name=test&email=1332783374@qq.com&password=123456 HTTP/1.1\" - - \"-\" \"PostmanRuntime/7.13.0\"\n","level":"info"}
{"message":"::1 - - [04/Aug/2019:16:57:32 +0000] \"POST /singin?name=test&email=1332783374@qq.com&password=123456 HTTP/1.1\" - - \"-\" \"PostmanRuntime/7.13.0\"\n","level":"info"}
{"message":"::1 - - [04/Aug/2019:17:05:27 +0000] \"POST /singin?name=test&email=1332783374@qq.com&password=123456 HTTP/1.1\" 200 58 \"-\" \"PostmanRuntime/7.13.0\"\n","level":"info"}
